<?xml version="1.0" encoding="UTF-8"?>
<testng-results skipped="0" failed="0" ignored="0" total="1" passed="1">
  <reporter-output>
  </reporter-output>
  <suite name="Surefire suite" duration-ms="17" started-at="2019-02-05T09:50:01Z" finished-at="2019-02-05T09:50:01Z">
    <groups>
    </groups>
    <test name="Surefire test" duration-ms="17" started-at="2019-02-05T09:50:01Z" finished-at="2019-02-05T09:50:01Z">
      <class name="com.qainfotech.test2.Test2.NewTest">
        <test-method status="PASS" signature="f()[pri:0, instance:com.qainfotech.test2.Test2.NewTest@50675690]" name="f" duration-ms="5" started-at="2019-02-05T15:20:01Z" finished-at="2019-02-05T15:20:01Z">
          <reporter-output>
          </reporter-output>
        </test-method> <!-- f -->
      </class> <!-- com.qainfotech.test2.Test2.NewTest -->
    </test> <!-- Surefire test -->
  </suite> <!-- Surefire suite -->
</testng-results>
